<?xml version="1.0" encoding="UTF-8"?>
<testsuites>
  <testsuite name="" tests="17" assertions="17" errors="0" failures="0" skipped="0" time="0.035513">
    <testsuite name="lotos2512\menuAndBreadcrumbsGenerator\tests\BreadcrumbsGeneratorTest" file="/vagrant/libs/menu-and-breadcrumbs-generator/tests/BreadcrumbsGeneratorTest.php" tests="5" assertions="5" errors="0" failures="0" skipped="0" time="0.014970">
      <testcase name="testGenerateBreadcrumbs" class="lotos2512\menuAndBreadcrumbsGenerator\tests\BreadcrumbsGeneratorTest" classname="lotos2512.menuAndBreadcrumbsGenerator.tests.BreadcrumbsGeneratorTest" file="/vagrant/libs/menu-and-breadcrumbs-generator/tests/BreadcrumbsGeneratorTest.php" line="18" assertions="1" time="0.007464"/>
      <testcase name="testGenerateBreadcrumbsWithCustomSeparator" class="lotos2512\menuAndBreadcrumbsGenerator\tests\BreadcrumbsGeneratorTest" classname="lotos2512.menuAndBreadcrumbsGenerator.tests.BreadcrumbsGeneratorTest" file="/vagrant/libs/menu-and-breadcrumbs-generator/tests/BreadcrumbsGeneratorTest.php" line="44" assertions="1" time="0.001573"/>
      <testcase name="testGenerateBreadcrumbsWithPrettyUrlBreadcrumbsStrategy" class="lotos2512\menuAndBreadcrumbsGenerator\tests\BreadcrumbsGeneratorTest" classname="lotos2512.menuAndBreadcrumbsGenerator.tests.BreadcrumbsGeneratorTest" file="/vagrant/libs/menu-and-breadcrumbs-generator/tests/BreadcrumbsGeneratorTest.php" line="70" assertions="1" time="0.002769"/>
      <testcase name="testGenerateBreadcrumbsWithPrettyUrlBreadcrumbsStrategyWithNotValidTree" class="lotos2512\menuAndBreadcrumbsGenerator\tests\BreadcrumbsGeneratorTest" classname="lotos2512.menuAndBreadcrumbsGenerator.tests.BreadcrumbsGeneratorTest" file="/vagrant/libs/menu-and-breadcrumbs-generator/tests/BreadcrumbsGeneratorTest.php" line="96" assertions="1" time="0.001408"/>
      <testcase name="testGenerateBreadcrumbsWithRecursiveBreadcrumbsStrategyWithNotValidTree" class="lotos2512\menuAndBreadcrumbsGenerator\tests\BreadcrumbsGeneratorTest" classname="lotos2512.menuAndBreadcrumbsGenerator.tests.BreadcrumbsGeneratorTest" file="/vagrant/libs/menu-and-breadcrumbs-generator/tests/BreadcrumbsGeneratorTest.php" line="122" assertions="1" time="0.001756"/>
    </testsuite>
    <testsuite name="lotos2512\menuAndBreadcrumbsGenerator\tests\MenuGeneratorTest" file="/vagrant/libs/menu-and-breadcrumbs-generator/tests/MenuGeneratorTest.php" tests="12" assertions="12" errors="0" failures="0" skipped="0" time="0.020543">
      <testcase name="testErrorNodeAttributeNotExists" class="lotos2512\menuAndBreadcrumbsGenerator\tests\MenuGeneratorTest" classname="lotos2512.menuAndBreadcrumbsGenerator.tests.MenuGeneratorTest" file="/vagrant/libs/menu-and-breadcrumbs-generator/tests/MenuGeneratorTest.php" line="19" assertions="1" time="0.003727"/>
      <testcase name="testErrorNodeRequiredAttributeNameNotExists" class="lotos2512\menuAndBreadcrumbsGenerator\tests\MenuGeneratorTest" classname="lotos2512.menuAndBreadcrumbsGenerator.tests.MenuGeneratorTest" file="/vagrant/libs/menu-and-breadcrumbs-generator/tests/MenuGeneratorTest.php" line="43" assertions="1" time="0.001201"/>
      <testcase name="testAvailablePermissionTab" class="lotos2512\menuAndBreadcrumbsGenerator\tests\MenuGeneratorTest" classname="lotos2512.menuAndBreadcrumbsGenerator.tests.MenuGeneratorTest" file="/vagrant/libs/menu-and-breadcrumbs-generator/tests/MenuGeneratorTest.php" line="66" assertions="1" time="0.001657"/>
      <testcase name="testNotAvailablePermissionTab" class="lotos2512\menuAndBreadcrumbsGenerator\tests\MenuGeneratorTest" classname="lotos2512.menuAndBreadcrumbsGenerator.tests.MenuGeneratorTest" file="/vagrant/libs/menu-and-breadcrumbs-generator/tests/MenuGeneratorTest.php" line="101" assertions="1" time="0.001504"/>
      <testcase name="testNotAvailablePermissionTabWithCallback" class="lotos2512\menuAndBreadcrumbsGenerator\tests\MenuGeneratorTest" classname="lotos2512.menuAndBreadcrumbsGenerator.tests.MenuGeneratorTest" file="/vagrant/libs/menu-and-breadcrumbs-generator/tests/MenuGeneratorTest.php" line="129" assertions="1" time="0.001448"/>
      <testcase name="testSelectTab" class="lotos2512\menuAndBreadcrumbsGenerator\tests\MenuGeneratorTest" classname="lotos2512.menuAndBreadcrumbsGenerator.tests.MenuGeneratorTest" file="/vagrant/libs/menu-and-breadcrumbs-generator/tests/MenuGeneratorTest.php" line="158" assertions="1" time="0.001908"/>
      <testcase name="testVisibleOnPageHide" class="lotos2512\menuAndBreadcrumbsGenerator\tests\MenuGeneratorTest" classname="lotos2512.menuAndBreadcrumbsGenerator.tests.MenuGeneratorTest" file="/vagrant/libs/menu-and-breadcrumbs-generator/tests/MenuGeneratorTest.php" line="202" assertions="1" time="0.001883"/>
      <testcase name="testVisibleOnPageShow" class="lotos2512\menuAndBreadcrumbsGenerator\tests\MenuGeneratorTest" classname="lotos2512.menuAndBreadcrumbsGenerator.tests.MenuGeneratorTest" file="/vagrant/libs/menu-and-breadcrumbs-generator/tests/MenuGeneratorTest.php" line="240" assertions="1" time="0.001782"/>
      <testcase name="testNodeName" class="lotos2512\menuAndBreadcrumbsGenerator\tests\MenuGeneratorTest" classname="lotos2512.menuAndBreadcrumbsGenerator.tests.MenuGeneratorTest" file="/vagrant/libs/menu-and-breadcrumbs-generator/tests/MenuGeneratorTest.php" line="285" assertions="1" time="0.001325"/>
      <testcase name="testNodeNameWithCallBack" class="lotos2512\menuAndBreadcrumbsGenerator\tests\MenuGeneratorTest" classname="lotos2512.menuAndBreadcrumbsGenerator.tests.MenuGeneratorTest" file="/vagrant/libs/menu-and-breadcrumbs-generator/tests/MenuGeneratorTest.php" line="304" assertions="1" time="0.001477"/>
      <testcase name="testNodeNameWithPostFix" class="lotos2512\menuAndBreadcrumbsGenerator\tests\MenuGeneratorTest" classname="lotos2512.menuAndBreadcrumbsGenerator.tests.MenuGeneratorTest" file="/vagrant/libs/menu-and-breadcrumbs-generator/tests/MenuGeneratorTest.php" line="325" assertions="1" time="0.001294"/>
      <testcase name="testAddPramsToNotUrl" class="lotos2512\menuAndBreadcrumbsGenerator\tests\MenuGeneratorTest" classname="lotos2512.menuAndBreadcrumbsGenerator.tests.MenuGeneratorTest" file="/vagrant/libs/menu-and-breadcrumbs-generator/tests/MenuGeneratorTest.php" line="347" assertions="1" time="0.001337"/>
    </testsuite>
  </testsuite>
</testsuites>
